         w __deregister_frame_info
         w __register_frame_info
         w userAppExit
         w userAppInit
00000000 00000401 B __ctru_dev_path_buf
00000000 b _TLS_MODULE_BASE_
00000000 a shift
00000000 a shift
00000404 00000802 B __ctru_dev_utf16_buf
00100000 A __start__
00100000 T _start
00100008 T __service_ptr
0010000c T __apt_appid
00100010 T __heap_size
00100014 T __linear_heap_size
00100018 T __system_arglist
0010001c T __system_runflags
00100020 t startup
00100058 t ClearMem
0010006c t ClrLoop
00100094 T _init
001000ac t .udivsi3_skip_div0_test
001000ac T __aeabi_uidiv
001000ac 000001ec T __udivsi3
00100298 00000020 T __aeabi_uidivmod
001002b8 T __aeabi_idiv
001002b8 00000220 T __divsi3
001002c0 t .divsi3_skip_div0_test
001004d8 00000020 T __aeabi_idivmod
001004f8 00000004 W __aeabi_idiv0
001004f8 00000004 W __aeabi_ldiv0
001004fc T __aeabi_ldivmod
001005d0 T __aeabi_uldivmod
00100628 00000390 T strcmp
001009b0 t __do_global_dtors_aux
001009f0 t frame_dummy
00100a1c 0000026c T checkButtons
00100c88 00000d64 T main
001019ec 00000014 T m_useColor
00101a00 00000040 T touchWithin
00101a40 00000050 T adv_background
00101a90 00000060 T m_background
00101af0 00000088 T m_rect
00101b78 000000f4 T rgbsTop
00101c6c 000000ec T rgbsBtm
00101d58 0000005c T drawLStick
00101db4 00000098 T touchPosLines
00101e4c 00000034 t C2Di_FrameEndHook
00101e80 00000330 T C2D_Init
001021b0 00000044 T C2D_Fini
001021f4 000000d0 T C2D_Prepare
001022c4 0000003c T C2D_Flush
00102300 00000108 T C2D_SceneSize
00102408 00000058 T C2D_CreateScreenTarget
00102460 00000058 T C2D_TargetClear
001024b8 00000040 T C2Di_AppendVtx
001024f8 0000022c T C2Di_Update
00102724 00000220 T C2D_DrawLine
00102944 000001b0 T C2D_DrawRectangle
00102af4 00000018 t C2Di_GlyphComp
00102b0c 00000140 t C2Di_CalcLineWidths
00102c4c 000001d0 T C2D_TextBufNew
00102e1c 00000004 T C2D_TextBufDelete
00102e20 0000000c T C2D_TextBufClear
00102e2c 000001c8 T C2D_TextFontParseLine
00102ff4 000000a8 T C2D_TextFontParse
0010309c 00000014 T C2D_TextParse
001030b0 00000030 T C2D_TextOptimize
001030e0 000010d4 T C2D_DrawText
001041b4 00000044 T C2D_FontGlyphIndexFromCodePoint
001041f8 00000078 T C2D_FontCalcGlyphPos
00104270 00000004 W C3Di_LightEnvUpdate
00104274 00000004 W C3Di_LightEnvDirty
00104278 000000b4 t C3Di_AptEventHook
0010432c 00000004 W C3Di_GasUpdate
00104330 000001e0 T C3D_Init
00104510 00000098 T C3D_SetViewport
001045a8 000004ec T C3Di_UpdateContext
00104a94 000000e0 T C3Di_SplitFrame
00104b74 00000044 T C3D_Fini
00104bb8 00000108 T C3D_BindProgram
00104cc0 0000004c t onVBlank0
00104d0c 0000004c t onVBlank1
00104d58 00000080 t C3Di_RenderTargetDestroy
00104dd8 000000f4 t onQueueFinish
00104ecc 00000038 T C3Di_RenderQueueEnableVBlank
00104f04 00000030 T C3Di_RenderQueueDisableVBlank
00104f34 00000060 T C3Di_RenderQueueInit
00104f94 000000b0 T C3Di_RenderQueueExit
00105044 00000034 T C3Di_RenderQueueWaitDone
00105078 000000e4 T C3D_FrameBegin
0010515c 00000048 T C3D_FrameDrawOn
001051a4 00000058 T C3D_FrameSplit
001051fc 000001d8 T C3D_FrameEnd
001053d4 0000001c T C3D_FrameEndHook
001053f0 00000128 T C3D_RenderTargetCreate
00105518 000000a8 T C3D_RenderTargetSetOutput
001055c0 00000044 T C3D_TexBind
00105604 0000016c T C3Di_SetTex
00105770 0000001c T C3D_CalcColorBufSize
0010578c 0000001c T C3D_CalcDepthBufSize
001057a8 00000044 T C3D_SetFrameBuf
001057ec 0000016c T C3Di_FrameBufBind
00105958 000000cc T C3D_FrameBufClear
00105a24 00000044 T C3D_FrameBufTransfer
00105a68 00000034 T C3D_GetTexEnv
00105a9c 00000024 T C3Di_TexEnvBind
00105ac0 00000070 T C3D_ProcTexInit
00105b30 00000054 T C3D_ProcTexBind
00105b84 0000005c T C3D_ProcTexLutBind
00105be0 000000a4 T ProcTexLut_FromArray
00105c84 0000017c T C3Di_ProcTexUpdate
00105e00 00000068 T C3Di_ProcTexDirty
00105e68 00000024 T BufInfo_Init
00105e8c 00000080 T BufInfo_Add
00105f0c 00000040 T C3D_SetBufInfo
00105f4c 00000048 T C3Di_BufInfoBind
00105f94 00000148 T C3D_DrawArrays
001060dc 00000040 T C3D_DepthMap
0010611c 0000001c T C3D_CullFace
00106138 00000040 T C3D_StencilTest
00106178 00000024 T C3D_StencilOp
0010619c 0000001c T C3D_BlendingColor
001061b8 00000024 T C3D_EarlyDepthTest
001061dc 0000002c T C3D_DepthTest
00106208 0000002c T C3D_AlphaTest
00106234 00000050 T C3D_AlphaBlend
00106284 00000030 T C3D_FragOpMode
001062b4 00000044 T C3D_FragOpShadow
001062f8 000001ac T C3Di_EffectBind
001064a4 00000028 T AttrInfo_Init
001064cc 00000098 T AttrInfo_AddLoader
00106564 00000054 T C3D_SetAttrInfo
001065b8 00000080 T C3Di_AttrInfoBind
00106638 000000a8 T C3D_ImmSendAttrib
001066e0 0000029c T C3D_UpdateUniforms
0010697c 000000c0 T C3Di_DirtyUniforms
00106a3c 000000d8 T C3Di_LoadShaderUniforms
00106b14 00000028 T C3Di_ClearShaderUniforms
00106b3c 000000cc T Mtx_Ortho
00106c08 000000cc T Mtx_OrthoTilt
00106cd4 00000024 t addrMapNodeComparator(rbtree_node const*, rbtree_node const*)
00106cf8 00000004 t addrMapNodeDestructor(rbtree_node*)
00106cfc 00000114 T vramMemAlign
00106e10 00000008 T vramAlloc
00106e18 0000005c T vramFree
00106e74 00000024 t addrMapNodeComparator(rbtree_node const*, rbtree_node const*)
00106e98 00000004 t addrMapNodeDestructor(rbtree_node*)
00106e9c 00000120 T linearMemAlign
00106fbc 00000008 T linearAlloc
00106fc4 0000005c T linearFree
00107020 00000084 T MemPool::CoalesceRight(MemBlock*)
001070a4 00000170 T MemPool::Allocate(MemChunk&, unsigned long, int)
00107214 000000fc T MemPool::Deallocate(MemChunk const&)
00107310 00000074 T osConvertVirtToPhys
00107384 00000054 T osGetTimeRef
001073d8 000000e4 T osGetTime
001074bc 00000074 T __libctru_gtod
00107530 00000034 T __ctru_speedup_config
00107564 0000009c T fontEnsureMapped
00107600 000000fc T fontGlyphIndexFromCodePoint
001076fc 0000006c T fontGetCharWidthInfo
00107768 000001c0 T fontCalcGlyphPos
00107928 00000124 T srvInit
00107a4c 00000058 T srvExit
00107aa4 00000080 T srvGetServiceHandleDirect
00107b24 00000048 T srvGetServiceHandle
00107b6c 00000038 T srvPublishToSubscriber
00107ba4 000000d0 t gfxPresentFramebuffer
00107c74 00000010 T gfxSet3D
00107c84 0000001c T gfxIsWide
00107ca0 000000ec T gfxSetScreenFormat
00107d8c 00000108 T gfxInit
00107e94 00000010 T gfxInitDefault
00107ea4 000000b4 T gfxExit
00107f58 000000a0 T gfxGetFramebuffer
00107ff8 00000030 T gfxScreenSwapBuffers
00108028 000001e0 T shaderInstanceInit
00108208 00000018 T shaderInstanceGetUniformLocation
00108220 0000001c T shaderProgramInit
0010823c 00000064 T shaderProgramFree
001082a0 00000080 T shaderProgramSetVsh
00108320 000008c0 T shaderProgramConfigure
00108be0 000001f8 t DVLE_GenerateOutmap.part.0
00108dd8 000001cc T DVLB_ParseFile
00108fa4 00000038 T DVLB_Free
00108fdc 00000074 T DVLE_GetUniformRegister
00109050 00000010 T GX_BindQueue
00109060 00000078 T GX_ProcessCommandList
001090d8 00000074 T GX_MemoryFill
0010914c 00000070 T GX_DisplayTransfer
001091bc 00000068 t gxCmdQueueDoCommands.part.0
00109224 000000c8 T gxCmdQueueInterrupt
001092ec 0000004c T gxCmdQueueClear
00109338 000000f8 T gxCmdQueueAdd
00109430 00000080 T gxCmdQueueRun
001094b0 00000060 T gxCmdQueueStop
00109510 00000074 T gxCmdQueueWait
00109584 0000013c T GPUCMD_Add
001096c0 000000ac T GPUCMD_Split
0010976c 00000040 T f32tof16
001097ac 00000040 T f32tof24
001097ec 00000044 T f32tof31
00109830 00000c58 t gspHardwareInit
0010a488 00000254 T gspInit
0010a6dc 000000f0 T gspExit
0010a7cc 00000010 T gspHasGpuRight
0010a7dc 00000098 T gspPresentBuffer
0010a874 00000030 T gspSetEventCallback
0010a8a4 00000050 T gspWaitForEvent
0010a8f4 0000004c T gspWaitForAnyEvent
0010a940 00000160 t gspEventThreadMain
0010aaa0 00000130 T gspSubmitGxCommand
0010abd0 00000050 T GSPGPU_FlushDataCache
0010ac20 00000034 T GSPGPU_SetLcdForceBlack
0010ac54 00000068 T GSPGPU_AcquireRight
0010acbc 00000048 T GSPGPU_ReleaseRight
0010ad04 0000007c T GSPGPU_ImportDisplayCaptureInfo
0010ad80 0000002c T GSPGPU_SaveVramSysArea
0010adac 0000002c T GSPGPU_RestoreVramSysArea
0010add8 000001b0 t aptConvertScreenForCapture
0010af88 00000008 W aptDspSleep
0010af90 00000004 W aptDspWakeup
0010af94 00000004 W aptDspCancel
0010af98 0000015c T aptSendCommand
0010b0f4 00000038 t aptExitProcess
0010b12c 000002f0 T aptExit
0010b41c 000000d8 T aptHandleSleep
0010b4f4 00000030 T aptHook
0010b524 00000030 T aptUnhook
0010b554 00000020 T APT_HardwareResetAsync
0010b574 00000084 T APT_SleepIfShellClosed
0010b5f8 00000084 T aptSetSleepAllowed
0010b67c 00000084 T APT_UnlockTransition
0010b700 00000484 t aptEventHandler
0010bb84 000000b0 T APT_ReceiveParameter
0010bc34 000000b0 t aptReceiveParameter.constprop.0
0010bce8 000002bc t aptScreenTransfer
0010bfa4 000002d0 t aptWaitForWakeUp.isra.0
0010c274 000000f8 T aptJumpToHomeMenu
0010c36c 0000004c T aptMainLoop
0010c3b8 00000234 T aptInit
0010c5ec 0000007c T APT_CheckNew3DS
0010c668 00000048 T APT_GetSharedFont
0010c6b0 00000024 W hidShouldUseIrrst
0010c6d4 0000018c T hidInit
0010c860 000000e8 T hidExit
0010c948 00000294 T hidScanInput
0010cbdc 00000010 T hidKeysHeld
0010cbec 00000010 T hidKeysDown
0010cbfc 00000018 T hidTouchRead
0010cc14 00000018 T hidCircleRead
0010cc2c 0000000c T srvPmGetSessionHandle
0010cc38 00000074 T ptmSysmInit
0010ccac 0000003c T ptmSysmExit
0010cce8 00000034 T PTMSYSM_ConfigureNew3DSCPU
0010cd1c 000000c8 T fsInit
0010cde4 0000003c T fsExit
0010ce20 00000060 T fsExemptFromSession
0010ce80 00000050 T fsUnexemptFromSession
0010ced0 000000cc T FSUSER_OpenFile
0010cf9c 000000bc T FSUSER_DeleteFile
0010d058 000000f8 T FSUSER_RenameFile
0010d150 000000bc T FSUSER_DeleteDirectory
0010d20c 000000d4 T FSUSER_CreateFile
0010d2e0 000000c4 T FSUSER_CreateDirectory
0010d3a4 000000f8 T FSUSER_RenameDirectory
0010d49c 000000b4 T FSUSER_OpenDirectory
0010d550 00000094 T FSUSER_OpenArchive
0010d5e4 0000008c T FSUSER_CloseArchive
0010d670 00000074 T FSUSER_GetSdmcArchiveResource
0010d6e4 00000064 T FSUSER_IsSdmcWritable
0010d748 00000058 T FSFILE_Read
0010d7a0 00000060 T FSFILE_Write
0010d800 00000038 T FSFILE_GetSize
0010d838 00000028 T FSFILE_SetSize
0010d860 0000003c T FSFILE_Close
0010d89c 00000024 T FSFILE_Flush
0010d8c0 00000050 T FSDIR_Read
0010d910 0000003c T FSDIR_Close
0010d94c 00000010 T rbtree_init
0010d95c 000001a0 t do_insert
0010dafc 00000008 T rbtree_insert
0010db04 00000090 T rbtree_rotate
0010db94 00000338 T rbtree_remove
0010decc 00000074 T rbtree_find
0010df40 000000e8 T utf16_to_utf8
0010e028 00000064 T decode_utf16
0010e08c 0000013c T decode_utf8
0010e1c8 000000c0 T utf8_to_utf16
0010e288 000001e0 W __system_allocateHeaps
0010e468 00000038 W __libctru_init
0010e4a0 000000f0 W __system_initArgv
0010e590 T svcControlMemory
0010e5b0 T svcQueryMemory
0010e5e0 T svcExitProcess
0010e5e8 T svcCreateThread
0010e608 T svcExitThread
0010e610 T svcSleepThread
0010e618 T svcReleaseMutex
0010e620 T svcCreateEvent
0010e634 T svcSignalEvent
0010e63c T svcClearEvent
0010e644 T svcMapMemoryBlock
0010e64c T svcUnmapMemoryBlock
0010e654 T svcCreateAddressArbiter
0010e668 T svcArbitrateAddressNoTimeout
0010e670 T svcCloseHandle
0010e678 T svcWaitSynchronization
0010e680 T svcWaitSynchronizationN
0010e6a8 T svcDuplicateHandle
0010e6bc T svcGetSystemTick
0010e6c4 T svcConnectToPort
0010e6d8 T svcSendSyncRequest
0010e6e0 T svcGetResourceLimit
0010e6f4 T svcGetResourceLimitLimitValues
0010e6fc T svcGetResourceLimitCurrentValues
0010e704 T svcBreak
0010e70c W initSystem
0010e75c W __ctru_exit
0010e774 T __aeabi_read_tp
0010e780 0000000c T __sync_init
0010e78c 00000018 T __sync_fini
0010e7a4 0000002c T syncArbitrateAddress
0010e7d0 0000001c T LightLock_Init
0010e7ec 00000094 T LightLock_Lock
0010e880 00000044 T LightLock_TryLock
0010e8c4 00000040 T LightLock_Unlock
0010e904 00000024 T RecursiveLock_Init
0010e928 00000030 T RecursiveLock_Lock
0010e958 00000078 T RecursiveLock_TryLock
0010e9d0 00000054 T RecursiveLock_Unlock
0010ea24 00000040 T LightEvent_Init
0010ea64 000000a4 T LightEvent_Clear
0010eb08 000000c8 T LightEvent_Signal
0010ebd0 00000058 T LightEvent_TryWait
0010ec28 000000b0 T LightEvent_Wait
0010ecd8 00000084 W envGetHandle
0010ed5c 00000050 W envDestroyHandles
0010edac 00000188 T threadCreate
0010ef34 0000002c T threadFree
0010ef60 00000024 T threadJoin
0010ef84 00000030 T threadGetCurrent
0010efb4 00000040 T threadExit
0010eff4 00000044 t _thread_begin
0010f038 00000094 t mappableFindAddressWithin
0010f0cc 00000028 T mappableInit
0010f0f4 00000080 T mappableAlloc
0010f174 00000004 T mappableFree
0010f178 00000160 T irrstInit
0010f2d8 000000cc T irrstExit
0010f3a4 000000b0 T irrstScanInput
0010f454 00000024 T irrstKeysHeld
0010f478 00000050 T rbtree_node_next
0010f4c8 00000060 T encode_utf16
0010f528 000000fc T encode_utf8
0010f624 00000030 W __appInit
0010f654 00000030 t __libctru_nanosleep
0010f684 00000030 t __libctru_get_reent
0010f6b4 000000f8 T __system_initSyscalls
0010f7ac 00000030 W __appExit
0010f7dc 00000090 W __libctru_exit
0010f86c 00000014 t archive_link
0010f880 00000014 t archive_dirreset
0010f894 00000014 t archive_chmod
0010f8a8 00000024 t error_cmp
0010f8cc 00000050 t archive_translate_error
0010f91c 000000d4 t archive_seek
0010f9f0 0000007c t _archiveInit.part.0
0010fa6c 0000008c t archiveFindDevice.part.0
0010faf8 00000294 t archive_utf16path
0010fd8c 000000a0 t _archiveUnmountDeviceStruct.part.0
0010fe2c 00000014 t archive_fchmod
0010fe40 00000014 t archive_statvfs
0010fe54 00000158 t _archiveMountDevice
0010ffac 000000e8 t archive_diropen
00110094 000000a4 t archive_fstat
00110138 0000006c t archive_close
001101a4 0000006c t archive_fsync
00110210 00000070 t archive_dirclose
00110280 000000e8 t sdmc_statvfs
00110368 00000080 t archive_ftruncate
001103e8 000000fc t archive_chdir
001104e4 000000b0 t archive_read
00110594 000000ac t archive_unlink
00110640 000000c8 t archive_rmdir
00110708 000000ec t archive_mkdir
001107f4 000001a8 t archive_stat
0011099c 00000184 t archive_rename
00110b20 00000168 t archive_dirnext
00110c88 0000012c t archive_write
00110db4 000001f0 t archive_open
00110fa4 000001a4 T archiveMountSdmc
00111148 00000054 T archiveUnmountAll
0011119c 000000b8 T ceilf
00111254 00000050 T sqrtf
001112a4 00000008 T __ieee754_sqrtf
001112ac 00000120 T __udivmoddi4
001113cc 00000078 T bsearch
00111444 00000028 T calloc
0011146c 000000bc T _calloc_r
00111528 0000000c T __errno
00111534 00000034 T exit
00111568 00000160 T _fclose_r
001116c8 00000258 T __sflush_r
00111920 00000094 T _fflush_r
001119b4 0000000c T _cleanup_r
001119c0 00000184 T __sinit
00111b44 0000000c T __sfp_lock_acquire
00111b50 0000000c T __sfp_lock_release
00111b5c 0000003c T __libc_fini_array
00111b98 000000f8 T _malloc_trim_r
00111c90 000002e4 T _free_r
00111f74 00000070 T _fwalk_reent
00111fe4 0000007c T __libc_init_array
00112060 00000138 T __smakebuf_r
00112198 00000028 T memalign
001121c0 00000150 T _memalign_r
00112310 00000020 T malloc
00112330 00000020 T free
00112350 000007e0 T _malloc_r
00112b30 0000011c T memcpy
00112c4c 00000118 T memset
00112d64 0000000c T __malloc_lock
00112d70 0000000c T __malloc_unlock
00112d7c 00000958 T qsort
001136d4 00000558 T _realloc_r
00113c2c 00000064 T sprintf
00113c90 00000044 T __sread
00113cd4 00000068 T __swrite
00113d3c 00000048 T __sseek
00113d84 00000008 T __sclose
00113d8c 0000012c T strchr
00113eb8 0000005c T strlen
00113f14 000000ec T strncat
00114000 000000dc T strncmp
001140dc 000000c0 T strncpy
0011419c 00000048 T strnlen
001141e4 00000628 t get_arg
00114810 000035b8 T _svfprintf_r
00117dc8 00000054 T _wcrtomb_r
00117e1c 00000028 T _wcsrtombs_r
00117e44 00000114 T __call_exitprocs
00117f58 000001ac t quorem
00118108 000012cc T _dtoa_r
001193d4 0000000c T _localeconv_r
001193e0 00000010 T __locale_mb_cur_max
001193f0 000002e4 T __utf8_mbtowc
001196d4 000000e0 T memchr
001197b4 00000154 T memmove
00119908 00000088 T _Balloc
00119990 0000001c T _Bfree
001199ac 000000f4 T __multadd
00119aa0 00000058 T __hi0bits
00119af8 00000094 T __lo0bits
00119b8c 000000a4 T __i2b
00119c30 00000204 T __multiply
00119e34 00000120 T __pow5mult
00119f54 0000013c T __lshift
0011a090 00000058 T __mcmp
0011a0e8 000001cc T __mdiff
0011a2b4 00000124 T __d2b
0011a3d8 000000a8 T frexp
0011a480 00000190 T __ssprint_r
0011a610 00000190 T _wcsnrtombs_l
0011a7a0 0000004c T _wcsnrtombs_r
0011a7ec 000000f0 T __utf8_wctomb
0011a8dc 00000054 T __assert_func
0011a930 0000003c T fiprintf
0011a96c 00000628 t get_arg
0011af94 00000030 T __sprint_r
0011afc4 0000233c T _vfiprintf_r
0011d300 000000d4 t __sbprintf
0011d3d4 00000154 T __swsetup_r
0011d528 00000014 T abort
0011d53c 000004c0 T __sfvwrite_r
0011d9fc 00000098 T _raise_r
0011da94 00000020 T raise
0011dab4 00000008 t null_write
0011dabc 00000018 T setDefaultDevice
0011dad4 000000c8 T FindDevice
0011db9c 00000028 T RemoveDevice
0011dbc4 0000009c T AddDevice
0011dc60 00000020 T GetDeviceOpTab
0011dc80 00000078 T _fstat_r
0011dcf8 00000014 T _getpid_r
0011dd0c 00000008 T _isatty_r
0011dd14 00000014 T _kill_r
0011dd28 00000084 T _lseek_r
0011ddac 00000080 T _read_r
0011de2c 00000078 T _sbrk_r
0011dea4 00000080 T _write_r
0011df24 00000024 T _exit
0011df48 000001b8 T _concatenate_path
0011e100 00000160 T chdir
0011e260 00000008 T __flockfile
0011e268 00000008 T __funlockfile
0011e270 00000018 T __libc_lock_acquire
0011e288 00000018 T __libc_lock_release
0011e2a0 00000018 T __libc_lock_init_recursive
0011e2b8 00000018 T __libc_lock_acquire_recursive
0011e2d0 00000018 T __libc_lock_release_recursive
0011e2e8 00000018 T __libc_lock_close_recursive
0011e300 0000003c T __get_handle
0011e33c 000000f4 T _close_r
0011e430 00000028 T __getreent
0011e458 00000044 T strrchr
0011e49c T _fini
0011f104 R render2d_shbin
0011f290 R render2d_shbin_end
0011f290 R render2d_shbin_size
0011f294 00000005 r colorFmtSizes
0011f29c 00000004 r depthFmtSizes
0011f2a0 00000010 r CSWTCH.9
0011f2dc 00000008 r morton_x.3
0011f2e4 00000008 r morton_y.2
0011f2ec 00000008 r s_sleepWakeEvents.4
0011f344 00000070 r archive_devoptab
0011f3b4 00000030 r error_table
0011f3e4 00000004 R _global_impure_ptr
0011f424 00000010 r blanks.1
0011f434 00000010 r zeroes.0
0011f454 r .LC2
0011f530 00000028 R __mprec_bigtens
0011f558 000000c8 R __mprec_tens
0011f620 0000000c r p05.0
0011f62c 0000006c R __action_table
0011f698 00000100 R __chclass
0011f798 0000006c R __state_table
0011f844 00000101 R _ctype_
0011f948 00000010 r blanks.1
0011f958 00000010 r zeroes.0
0011f968 00000070 R dotab_stdnull
0011f9d8 r 
0011f9d8 R __exidx_end
0011f9d8 R __exidx_start
00120000 00000004 D uc1
00120004 00000004 D uc2
00120008 00000004 D uc3
0012000c 00000004 d framerate
00120010 00000008 d framerateCounter
00120018 00000004 d queueLock
0012001c 00000004 d kCount
00120020 00000004 d kDelay
00120024 00000004 d kInterval
00120028 W __stacksize__
0012002c 0000000c d __sfp_recursive_mutex
00120038 0000000c d __sinit_recursive_mutex
00120044 00000004 D _impure_ptr
00120048 00000460 d impure_data
001204a8 00000408 D __malloc_av_
001208b0 00000004 D __malloc_sbrk_base
001208b4 00000004 D __malloc_trim_threshold
001208b8 0000000c d __malloc_recursive_mutex
001208c4 0000000c D __atexit_recursive_mutex
001208d0 0000016c D __global_locale
00120a3c 00000004 d defaultDevice
00120a40 0000008c D devoptab_list
00120acc 00000400 d _current_working_directory
00120ecc 00000004 d __hndl_lock
00120ed0 0000000c d __stderr_handle
00120edc 0000000c d __stdin_handle
00120ee8 0000000c d __stdout_handle
00120ef4 00001000 d handles
00121efc d _GLOBAL_OFFSET_TABLE_
00121f08 d __frame_dummy_init_array_entry
00121f08 D __init_array_start
00121f08 B __preinit_array_end
00121f08 B __preinit_array_start
00121f08 D __tdata_lma
00121f08 D __tdata_lma_end
00121f0c d __do_global_dtors_aux_fini_array_entry
00121f0c D __fini_array_start
00121f0c D __init_array_end
00121f10 D __bss_start__
00121f10 D __fini_array_end
00121f10 00000004 B mainTextBuf
00121f14 00000004 B timeBuf
00121f18 00000004 B buttonsBuf
00121f1c 0000008c B modesText
00121fa8 0000008c B uiText
00122034 0000001c B enabled3D
00122050 00000188 B buttons
001221d8 00000004 B loaded
001221dc 00000004 B pxx
001221e0 00000004 B pyy
001221e4 00000009 b timeString
001221f0 0000001c B sysTime
0012220c b completed.1
00122210 b object.0
00122228 000005a0 B __C2Di_Context
001227c8 00000040 b s_projBot
00122808 00000040 b s_projTop
00122848 00000004 b uLoc_mdlvMtx
0012284c 00000004 b uLoc_projMtx
00122850 00000004 b s_glyphSheets
00122854 00000004 b s_textScale
00122858 000002d0 B __C3D_Context
00122b28 0000000c b hookCookie
00122b38 00000010 b cpuTime
00122b48 00000004 b firstTarget
00122b4c 00000008 b frameCounter
00122b54 00000004 b frameEndCb
00122b58 00000004 b frameEndCbData
00122b60 00000010 b gpuTime
00122b70 00000001 b inFrame
00122b71 00000001 b inSafeTransfer
00122b72 00000001 b isTopStereo
00122b74 00000004 b lastTarget
00122b78 0000000c b linkedTarget
00122b84 00000001 b measureGpuTime
00122b85 00000001 b needSwapBot
00122b86 00000001 b needSwapTop
00122b88 00000004 B C3D_BoolUnifs
00122b8c 00000002 B C3D_BoolUnifsDirty
00122b90 00000c00 B C3D_FVUnif
00123790 000000c0 B C3D_FVUnifDirty
00123850 00000020 B C3D_IVUnif
00123870 00000008 B C3D_IVUnifDirty
00123878 000000c0 b C3Di_FVUnifEverDirty
00123938 00000008 b C3Di_IVUnifEverDirty
00123940 00000018 b C3Di_ShaderFVecData
00123958 0000000c b sAddrMap
00123964 00000008 b sVramPool
0012396c 00000008 b sLinearPool
00123974 0000000c b sAddrMap
00123980 00000001 V __ctru_speedup
00123984 00000004 B g_sharedFont
00123988 00000004 b sharedFontAddr
0012398c 00000004 b srvHandle
00123990 00000004 b srvRefCount
00123994 00000004 b gfxBottomFramebufferMaxSize
00123998 00000008 b gfxBottomFramebuffers
001239a0 00000002 b gfxCurBuf
001239a4 00000002 b gfxFramebufferFormats
001239a8 00000002 b gfxIsDoubleBuf
001239aa 00000001 b gfxIsVram
001239ac 00000004 b gfxTopFramebufferMaxSize
001239b0 00000008 b gfxTopFramebuffers
001239b8 00000001 b gfxTopMode
001239bc 00000004 b screenAlloc
001239c0 00000004 b screenFree
001239c4 00000004 b boundQueue
001239c8 00000004 b curQueue
001239cc 00000001 b isActive
001239cd 00000001 b isRunning
001239ce 00000001 b shouldStop
001239d0 00000004 B gpuCmdBuf
001239d4 00000004 B gpuCmdBufOffset
001239d8 00000004 B gpuCmdBufSize
001239dc 00000004 b gspEvent
001239e0 0000001c b gspEventCb
001239fc 0000001c b gspEventCbData
00123a18 00000007 b gspEventCbOneShot
00123a20 00000004 b gspEventThread
00123a24 00000038 b gspEvents
00123a5c 00000004 b gspGpuHandle
00123a60 00000001 b gspGpuRight
00123a64 00000004 b gspLastEvent
00123a68 00000004 b gspRefCount
00123a6c 00000001 b gspRunEvents
00123a70 00000004 b gspSharedMem
00123a74 00000004 b gspSharedMemHandle
00123a78 00000001 b gspThreadId
00123a79 00000001 b aptChainloadFlags
00123a7a 00000001 b aptChainloadMediatype
00123a80 00000008 b aptChainloadTid
00123a88 00000004 b aptEventHandlerThread
00123a8c 00000001 b aptEventHandlerThreadQuit
00123a90 00000008 b aptEvents
00123a98 0000000c b aptFirstHook
00123aa4 00000004 b aptFlags
00123aa8 00000001 b aptHomeButtonState
00123aac 00000004 b aptLockHandle
00123ab0 00000004 b aptMessageFunc
00123ab4 00000004 b aptMessageFuncData
00123ab8 00001000 b aptParameters
00124ab8 00000008 b aptReceiveEvent
00124ac0 00000004 b aptRefCount
00124ac4 00000008 b aptSleepEvent
00124acc 00000001 b flagInit.1
00124acd 00000001 b flagValue.0
00124ad0 00000004 b serviceName.6
00124ad4 00000006 b aVec
00124adc 00000004 b cPos
00124ae0 00000006 b gRate
00124ae8 00000014 B hidEvents
00124afc 00000004 B hidHandle
00124b00 00000004 B hidMemHandle
00124b04 00000004 b hidRefCount
00124b08 00000004 B hidSharedMem
00124b0c 00000004 b kDown
00124b10 00000004 b kHeld
00124b14 00000004 b kOld
00124b18 00000004 b kRepeat
00124b1c 00000004 b kUp
00124b20 00000004 b tPos
00124b24 00000001 b usingIrrst
00124b28 00000004 b srvPmHandle
00124b2c 00000004 b ptmSysmHandle
00124b30 00000004 b ptmSysmRefCount
00124b38 00000080 b fsExemptArchives
00124bb8 00000004 b fsuHandle
00124bbc 00000004 b fsuRefCount
00124bc0 00000004 B __ctru_heap
00124bc4 00000004 V __ctru_heap_size
00124bc8 00000004 B __ctru_linear_heap
00124bcc 00000004 V __ctru_linear_heap_size
00124bd0 00000004 B __system_retAddr
00124bd4 00000004 B __system_argc
00124bd8 00000004 B __system_argv
00124bdc b saved_stack
00124be4 00000004 b arbiter
00124be8 00000004 b currentAddr
00124bec 00000004 b maxAddr
00124bf0 00000004 b minAddr
00124bf4 00000004 b csPos
00124bf8 00000004 B irrstEvent
00124bfc 00000004 B irrstHandle
00124c00 00000004 B irrstMemHandle
00124c04 00000004 b irrstRefCount
00124c08 00000004 B irrstSharedMem
00124c0c 00000004 b kHeld
00124c10 00000004 b archive_device_cwd
00124c18 00000540 b archive_devices
00125158 00000001 b archive_initialized
0012515c 00000028 B __malloc_current_mallinfo
00125184 00000004 B __malloc_max_sbrked_mem
00125188 00000004 B __malloc_max_total_mem
0012518c 00000004 B __malloc_top_pad
00125190 00000004 b heap_start.0
00125194 00000004 B fake_heap_end
00125198 00000004 B fake_heap_start
0012519c 00000400 b temp_cwd
0012559c 00000048 B __syscalls
001255e4 B __tls_start
001261ec B __bss_end__
001261ec A __end__
001261ec B __tls_end
