         w __deregister_frame_info
         w __register_frame_info
         w userAppExit
         w userAppInit
00000000 00000401 B __ctru_dev_path_buf
00000000 b _TLS_MODULE_BASE_
00000000 a shift
00000000 a shift
00000404 00000802 B __ctru_dev_utf16_buf
00100000 A __start__
00100000 T _start
00100008 T __service_ptr
0010000c T __apt_appid
00100010 T __heap_size
00100014 T __linear_heap_size
00100018 T __system_arglist
0010001c T __system_runflags
00100020 t startup
00100058 t ClearMem
0010006c t ClrLoop
00100094 T _init
001000ac t .udivsi3_skip_div0_test
001000ac T __aeabi_uidiv
001000ac 000001ec T __udivsi3
00100298 00000020 T __aeabi_uidivmod
001002b8 T __aeabi_idiv
001002b8 00000220 T __divsi3
001002c0 t .divsi3_skip_div0_test
001004d8 00000020 T __aeabi_idivmod
001004f8 00000004 W __aeabi_idiv0
001004f8 00000004 W __aeabi_ldiv0
001004fc T __aeabi_drsub
00100504 000002b0 T __aeabi_dsub
00100504 000002b0 T __subdf3
00100508 000002ac T __adddf3
00100508 000002ac T __aeabi_dadd
001007b4 00000024 T __aeabi_ui2d
001007b4 00000024 T __floatunsidf
001007d8 00000028 T __aeabi_i2d
001007d8 00000028 T __floatsidf
00100800 00000048 T __aeabi_f2d
00100800 00000048 T __extendsfdf2
00100848 00000074 T __aeabi_ul2d
00100848 00000074 T __floatundidf
0010085c 00000060 T __aeabi_l2d
0010085c 00000060 T __floatdidf
001008bc T __aeabi_ldivmod
00100990 T __aeabi_uldivmod
001009e8 00000390 T strcmp
00100d70 t __do_global_dtors_aux
00100db0 t frame_dummy
00100ddc 0000026c T checkButtons
00101048 00000014 T mainMenuSet
0010105c 000011f4 T main
00102250 00000014 T m_useColor
00102264 00000040 T touchWithin
001022a4 00000050 T adv_background
001022f4 00000060 T m_background
00102354 00000088 T m_rect
001023dc 00000064 T m_circle
00102440 000000f4 T rgbsTop
00102534 000000ec T rgbsBtm
00102620 0000014c T drawLStick
0010276c 00000098 T touchPosLines
00102804 00000034 t C2Di_FrameEndHook
00102838 00000330 T C2D_Init
00102b68 00000044 T C2D_Fini
00102bac 000000d0 T C2D_Prepare
00102c7c 0000003c T C2D_Flush
00102cb8 00000108 T C2D_SceneSize
00102dc0 00000058 T C2D_CreateScreenTarget
00102e18 00000058 T C2D_TargetClear
00102e70 00000040 T C2Di_AppendVtx
00102eb0 0000022c T C2Di_Update
001030dc 00000220 T C2D_DrawLine
001032fc 000001b0 T C2D_DrawRectangle
001034ac 000001a8 T C2D_DrawEllipse
00103654 00000018 t C2Di_GlyphComp
0010366c 00000140 t C2Di_CalcLineWidths
001037ac 000001d0 T C2D_TextBufNew
0010397c 00000004 T C2D_TextBufDelete
00103980 0000000c T C2D_TextBufClear
0010398c 000001c8 T C2D_TextFontParseLine
00103b54 000000a8 T C2D_TextFontParse
00103bfc 00000014 T C2D_TextParse
00103c10 00000030 T C2D_TextOptimize
00103c40 000010d4 T C2D_DrawText
00104d14 00000044 T C2D_FontGlyphIndexFromCodePoint
00104d58 00000078 T C2D_FontCalcGlyphPos
00104dd0 00000004 W C3Di_LightEnvUpdate
00104dd4 00000004 W C3Di_LightEnvDirty
00104dd8 000000b4 t C3Di_AptEventHook
00104e8c 00000004 W C3Di_GasUpdate
00104e90 000001e0 T C3D_Init
00105070 00000098 T C3D_SetViewport
00105108 000004ec T C3Di_UpdateContext
001055f4 000000e0 T C3Di_SplitFrame
001056d4 00000044 T C3D_Fini
00105718 00000108 T C3D_BindProgram
00105820 0000004c t onVBlank0
0010586c 0000004c t onVBlank1
001058b8 00000080 t C3Di_RenderTargetDestroy
00105938 000000f4 t onQueueFinish
00105a2c 00000038 T C3Di_RenderQueueEnableVBlank
00105a64 00000030 T C3Di_RenderQueueDisableVBlank
00105a94 00000060 T C3Di_RenderQueueInit
00105af4 000000b0 T C3Di_RenderQueueExit
00105ba4 00000034 T C3Di_RenderQueueWaitDone
00105bd8 000000e4 T C3D_FrameBegin
00105cbc 00000048 T C3D_FrameDrawOn
00105d04 00000058 T C3D_FrameSplit
00105d5c 000001d8 T C3D_FrameEnd
00105f34 0000001c T C3D_FrameEndHook
00105f50 00000128 T C3D_RenderTargetCreate
00106078 000000a8 T C3D_RenderTargetSetOutput
00106120 00000044 T C3D_TexBind
00106164 0000016c T C3Di_SetTex
001062d0 0000001c T C3D_CalcColorBufSize
001062ec 0000001c T C3D_CalcDepthBufSize
00106308 00000044 T C3D_SetFrameBuf
0010634c 0000016c T C3Di_FrameBufBind
001064b8 000000cc T C3D_FrameBufClear
00106584 00000044 T C3D_FrameBufTransfer
001065c8 00000034 T C3D_GetTexEnv
001065fc 00000024 T C3Di_TexEnvBind
00106620 00000070 T C3D_ProcTexInit
00106690 00000054 T C3D_ProcTexBind
001066e4 0000005c T C3D_ProcTexLutBind
00106740 000000a4 T ProcTexLut_FromArray
001067e4 0000017c T C3Di_ProcTexUpdate
00106960 00000068 T C3Di_ProcTexDirty
001069c8 00000024 T BufInfo_Init
001069ec 00000080 T BufInfo_Add
00106a6c 00000040 T C3D_SetBufInfo
00106aac 00000048 T C3Di_BufInfoBind
00106af4 00000148 T C3D_DrawArrays
00106c3c 00000040 T C3D_DepthMap
00106c7c 0000001c T C3D_CullFace
00106c98 00000040 T C3D_StencilTest
00106cd8 00000024 T C3D_StencilOp
00106cfc 0000001c T C3D_BlendingColor
00106d18 00000024 T C3D_EarlyDepthTest
00106d3c 0000002c T C3D_DepthTest
00106d68 0000002c T C3D_AlphaTest
00106d94 00000050 T C3D_AlphaBlend
00106de4 00000030 T C3D_FragOpMode
00106e14 00000044 T C3D_FragOpShadow
00106e58 000001ac T C3Di_EffectBind
00107004 00000028 T AttrInfo_Init
0010702c 00000098 T AttrInfo_AddLoader
001070c4 00000054 T C3D_SetAttrInfo
00107118 00000080 T C3Di_AttrInfoBind
00107198 000000a8 T C3D_ImmSendAttrib
00107240 0000029c T C3D_UpdateUniforms
001074dc 000000c0 T C3Di_DirtyUniforms
0010759c 000000d8 T C3Di_LoadShaderUniforms
00107674 00000028 T C3Di_ClearShaderUniforms
0010769c 000000cc T Mtx_Ortho
00107768 000000cc T Mtx_OrthoTilt
00107834 00000024 t addrMapNodeComparator(rbtree_node const*, rbtree_node const*)
00107858 00000004 t addrMapNodeDestructor(rbtree_node*)
0010785c 00000114 T vramMemAlign
00107970 00000008 T vramAlloc
00107978 0000005c T vramFree
001079d4 00000024 t addrMapNodeComparator(rbtree_node const*, rbtree_node const*)
001079f8 00000004 t addrMapNodeDestructor(rbtree_node*)
001079fc 00000120 T linearMemAlign
00107b1c 00000008 T linearAlloc
00107b24 0000005c T linearFree
00107b80 00000084 T MemPool::CoalesceRight(MemBlock*)
00107c04 00000170 T MemPool::Allocate(MemChunk&, unsigned long, int)
00107d74 000000fc T MemPool::Deallocate(MemChunk const&)
00107e70 00000074 T osConvertVirtToPhys
00107ee4 00000054 T osGetTimeRef
00107f38 000000e4 T osGetTime
0010801c 00000074 T __libctru_gtod
00108090 00000034 T __ctru_speedup_config
001080c4 00000178 T consoleDrawChar
0010823c 00000124 T consolePrintChar
00108360 00000a00 T con_write
00108d60 00000168 T consoleInit
00108ec8 000000f4 t newRow
00108fbc 0000009c T fontEnsureMapped
00109058 000000fc T fontGlyphIndexFromCodePoint
00109154 0000006c T fontGetCharWidthInfo
001091c0 000001c0 T fontCalcGlyphPos
00109380 00000124 T srvInit
001094a4 00000058 T srvExit
001094fc 00000080 T srvGetServiceHandleDirect
0010957c 00000048 T srvGetServiceHandle
001095c4 00000038 T srvPublishToSubscriber
001095fc 000000d0 t gfxPresentFramebuffer
001096cc 00000010 T gfxSet3D
001096dc 0000001c T gfxIsWide
001096f8 000000ec T gfxSetScreenFormat
001097e4 00000010 T gfxSetDoubleBuffering
001097f4 00000108 T gfxInit
001098fc 00000010 T gfxInitDefault
0010990c 000000b4 T gfxExit
001099c0 000000a0 T gfxGetFramebuffer
00109a60 0000010c T gfxFlushBuffers
00109b6c 00000030 T gfxScreenSwapBuffers
00109b9c 00000050 T gfxSwapBuffersGpu
00109bec 000001e0 T shaderInstanceInit
00109dcc 00000018 T shaderInstanceGetUniformLocation
00109de4 0000001c T shaderProgramInit
00109e00 00000064 T shaderProgramFree
00109e64 00000080 T shaderProgramSetVsh
00109ee4 000008c0 T shaderProgramConfigure
0010a7a4 000001f8 t DVLE_GenerateOutmap.part.0
0010a99c 000001cc T DVLB_ParseFile
0010ab68 00000038 T DVLB_Free
0010aba0 00000074 T DVLE_GetUniformRegister
0010ac14 00000010 T GX_BindQueue
0010ac24 00000078 T GX_ProcessCommandList
0010ac9c 00000074 T GX_MemoryFill
0010ad10 00000070 T GX_DisplayTransfer
0010ad80 00000068 t gxCmdQueueDoCommands.part.0
0010ade8 000000c8 T gxCmdQueueInterrupt
0010aeb0 0000004c T gxCmdQueueClear
0010aefc 000000f8 T gxCmdQueueAdd
0010aff4 00000080 T gxCmdQueueRun
0010b074 00000060 T gxCmdQueueStop
0010b0d4 00000074 T gxCmdQueueWait
0010b148 0000013c T GPUCMD_Add
0010b284 000000ac T GPUCMD_Split
0010b330 00000040 T f32tof16
0010b370 00000040 T f32tof24
0010b3b0 00000044 T f32tof31
0010b3f4 000000a4 T cfguInit
0010b498 0000003c T cfguExit
0010b4d4 00000038 T CFGU_SecureInfoGetRegion
0010b50c 00000054 T CFGU_GetSystemLanguage
0010b560 00000c58 t gspHardwareInit
0010c1b8 00000254 T gspInit
0010c40c 000000f0 T gspExit
0010c4fc 00000010 T gspHasGpuRight
0010c50c 00000098 T gspPresentBuffer
0010c5a4 00000030 T gspSetEventCallback
0010c5d4 00000050 T gspWaitForEvent
0010c624 0000004c T gspWaitForAnyEvent
0010c670 00000160 t gspEventThreadMain
0010c7d0 00000130 T gspSubmitGxCommand
0010c900 00000050 T GSPGPU_FlushDataCache
0010c950 00000034 T GSPGPU_SetLcdForceBlack
0010c984 00000068 T GSPGPU_AcquireRight
0010c9ec 00000048 T GSPGPU_ReleaseRight
0010ca34 0000007c T GSPGPU_ImportDisplayCaptureInfo
0010cab0 0000002c T GSPGPU_SaveVramSysArea
0010cadc 0000002c T GSPGPU_RestoreVramSysArea
0010cb08 000001b0 t aptConvertScreenForCapture
0010ccb8 00000008 W aptDspSleep
0010ccc0 00000004 W aptDspWakeup
0010ccc4 00000004 W aptDspCancel
0010ccc8 0000015c T aptSendCommand
0010ce24 00000038 t aptExitProcess
0010ce5c 00000050 T aptSetChainloader
0010ceac 000002f0 T aptExit
0010d19c 000000d8 T aptHandleSleep
0010d274 00000030 T aptHook
0010d2a4 00000030 T aptUnhook
0010d2d4 00000020 T APT_HardwareResetAsync
0010d2f4 00000084 T APT_SleepIfShellClosed
0010d378 00000084 T aptSetSleepAllowed
0010d3fc 00000084 T APT_UnlockTransition
0010d480 00000484 t aptEventHandler
0010d904 000000b0 T APT_ReceiveParameter
0010d9b4 000000b0 t aptReceiveParameter.constprop.0
0010da68 000002bc t aptScreenTransfer
0010dd24 000002d0 t aptWaitForWakeUp.isra.0
0010dff4 000000f8 T aptJumpToHomeMenu
0010e0ec 0000004c T aptMainLoop
0010e138 00000234 T aptInit
0010e36c 0000007c T APT_CheckNew3DS
0010e3e8 00000048 T APT_GetSharedFont
0010e430 00000024 W hidShouldUseIrrst
0010e454 0000018c T hidInit
0010e5e0 000000e8 T hidExit
0010e6c8 00000294 T hidScanInput
0010e95c 00000010 T hidKeysHeld
0010e96c 00000010 T hidKeysDown
0010e97c 00000018 T hidTouchRead
0010e994 00000018 T hidCircleRead
0010e9ac 0000000c T srvPmGetSessionHandle
0010e9b8 00000074 T ptmSysmInit
0010ea2c 0000003c T ptmSysmExit
0010ea68 00000034 T PTMSYSM_ConfigureNew3DSCPU
0010ea9c 000000c8 T fsInit
0010eb64 0000003c T fsExit
0010eba0 00000060 T fsExemptFromSession
0010ec00 00000050 T fsUnexemptFromSession
0010ec50 000000cc T FSUSER_OpenFile
0010ed1c 000000bc T FSUSER_DeleteFile
0010edd8 000000f8 T FSUSER_RenameFile
0010eed0 000000bc T FSUSER_DeleteDirectory
0010ef8c 000000d4 T FSUSER_CreateFile
0010f060 000000c4 T FSUSER_CreateDirectory
0010f124 000000f8 T FSUSER_RenameDirectory
0010f21c 000000b4 T FSUSER_OpenDirectory
0010f2d0 00000094 T FSUSER_OpenArchive
0010f364 0000008c T FSUSER_CloseArchive
0010f3f0 00000074 T FSUSER_GetSdmcArchiveResource
0010f464 00000064 T FSUSER_IsSdmcWritable
0010f4c8 00000058 T FSFILE_Read
0010f520 00000060 T FSFILE_Write
0010f580 00000038 T FSFILE_GetSize
0010f5b8 00000028 T FSFILE_SetSize
0010f5e0 0000003c T FSFILE_Close
0010f61c 00000024 T FSFILE_Flush
0010f640 00000050 T FSDIR_Read
0010f690 0000003c T FSDIR_Close
0010f6cc 00000010 T rbtree_init
0010f6dc 000001a0 t do_insert
0010f87c 00000008 T rbtree_insert
0010f884 00000090 T rbtree_rotate
0010f914 00000338 T rbtree_remove
0010fc4c 00000074 T rbtree_find
0010fcc0 000000e8 T utf16_to_utf8
0010fda8 00000064 T decode_utf16
0010fe0c 0000013c T decode_utf8
0010ff48 000000c0 T utf8_to_utf16
00110008 000001e0 W __system_allocateHeaps
001101e8 00000038 W __libctru_init
00110220 000000f0 W __system_initArgv
00110310 T svcControlMemory
00110330 T svcQueryMemory
00110360 T svcExitProcess
00110368 T svcCreateThread
00110388 T svcExitThread
00110390 T svcSleepThread
00110398 T svcReleaseMutex
001103a0 T svcCreateEvent
001103b4 T svcSignalEvent
001103bc T svcClearEvent
001103c4 T svcMapMemoryBlock
001103cc T svcUnmapMemoryBlock
001103d4 T svcCreateAddressArbiter
001103e8 T svcArbitrateAddressNoTimeout
001103f0 T svcCloseHandle
001103f8 T svcWaitSynchronization
00110400 T svcWaitSynchronizationN
00110428 T svcDuplicateHandle
0011043c T svcGetSystemTick
00110444 T svcConnectToPort
00110458 T svcSendSyncRequest
00110460 T svcGetResourceLimit
00110474 T svcGetResourceLimitLimitValues
0011047c T svcGetResourceLimitCurrentValues
00110484 T svcBreak
0011048c W initSystem
001104dc W __ctru_exit
001104f4 T __aeabi_read_tp
00110500 0000000c T __sync_init
0011050c 00000018 T __sync_fini
00110524 0000002c T syncArbitrateAddress
00110550 0000001c T LightLock_Init
0011056c 00000094 T LightLock_Lock
00110600 00000044 T LightLock_TryLock
00110644 00000040 T LightLock_Unlock
00110684 00000024 T RecursiveLock_Init
001106a8 00000030 T RecursiveLock_Lock
001106d8 00000078 T RecursiveLock_TryLock
00110750 00000054 T RecursiveLock_Unlock
001107a4 00000040 T LightEvent_Init
001107e4 000000a4 T LightEvent_Clear
00110888 000000c8 T LightEvent_Signal
00110950 00000058 T LightEvent_TryWait
001109a8 000000b0 T LightEvent_Wait
00110a58 00000084 W envGetHandle
00110adc 00000050 W envDestroyHandles
00110b2c 00000188 T threadCreate
00110cb4 0000002c T threadFree
00110ce0 00000024 T threadJoin
00110d04 00000030 T threadGetCurrent
00110d34 00000040 T threadExit
00110d74 00000044 t _thread_begin
00110db8 00000094 t mappableFindAddressWithin
00110e4c 00000028 T mappableInit
00110e74 00000080 T mappableAlloc
00110ef4 00000004 T mappableFree
00110ef8 00000160 T irrstInit
00111058 000000cc T irrstExit
00111124 000000b0 T irrstScanInput
001111d4 00000024 T irrstKeysHeld
001111f8 00000050 T rbtree_node_next
00111248 00000060 T encode_utf16
001112a8 000000fc T encode_utf8
001113a4 00000030 W __appInit
001113d4 00000030 t __libctru_nanosleep
00111404 00000030 t __libctru_get_reent
00111434 000000f8 T __system_initSyscalls
0011152c 00000030 W __appExit
0011155c 00000090 W __libctru_exit
001115ec 00000014 t archive_link
00111600 00000014 t archive_dirreset
00111614 00000014 t archive_chmod
00111628 00000024 t error_cmp
0011164c 00000050 t archive_translate_error
0011169c 000000d4 t archive_seek
00111770 0000007c t _archiveInit.part.0
001117ec 0000008c t archiveFindDevice.part.0
00111878 00000294 t archive_utf16path
00111b0c 000000a0 t _archiveUnmountDeviceStruct.part.0
00111bac 00000014 t archive_fchmod
00111bc0 00000014 t archive_statvfs
00111bd4 00000158 t _archiveMountDevice
00111d2c 000000e8 t archive_diropen
00111e14 000000a4 t archive_fstat
00111eb8 0000006c t archive_close
00111f24 0000006c t archive_fsync
00111f90 00000070 t archive_dirclose
00112000 000000e8 t sdmc_statvfs
001120e8 00000080 t archive_ftruncate
00112168 000000fc t archive_chdir
00112264 000000b0 t archive_read
00112314 000000ac t archive_unlink
001123c0 000000c8 t archive_rmdir
00112488 000000ec t archive_mkdir
00112574 000001a8 t archive_stat
0011271c 00000184 t archive_rename
001128a0 00000168 t archive_dirnext
00112a08 0000012c t archive_write
00112b34 000001f0 t archive_open
00112d24 000001a4 T archiveMountSdmc
00112ec8 00000054 T archiveUnmountAll
00112f1c 000000b8 T ceilf
00112fd4 00000050 T sqrtf
00113024 00000008 T __ieee754_sqrtf
0011302c 00000120 T __udivmoddi4
0011314c 00000078 T bsearch
001131c4 00000028 T calloc
001131ec 000000bc T _calloc_r
001132a8 0000000c T __errno
001132b4 00000034 T exit
001132e8 00000160 T _fclose_r
00113448 00000258 T __sflush_r
001136a0 00000094 T _fflush_r
00113734 0000000c T _cleanup_r
00113740 00000184 T __sinit
001138c4 0000000c T __sfp_lock_acquire
001138d0 0000000c T __sfp_lock_release
001138dc 0000003c T __libc_fini_array
00113918 000000f8 T _malloc_trim_r
00113a10 000002e4 T _free_r
00113cf4 00000070 T _fwalk_reent
00113d64 0000007c T __libc_init_array
00113de0 00000138 T __smakebuf_r
00113f18 0000008c T __swhatbuf_r
00113fa4 00000028 T memalign
00113fcc 00000150 T _memalign_r
0011411c 00000020 T malloc
0011413c 00000020 T free
0011415c 000007e0 T _malloc_r
0011493c 000000e0 T memchr
00114a1c 0000011c T memcpy
00114b38 00000118 T memset
00114c50 0000000c T __malloc_lock
00114c5c 0000000c T __malloc_unlock
00114c68 00000034 T printf
00114c9c 00000958 T qsort
001155f4 00000028 T realloc
0011561c 00000558 T _realloc_r
00115b74 00000260 T setvbuf
00115dd4 00000064 T sprintf
00115e38 00000074 T sscanf
00115eac 00000044 T __sread
00115ef0 00000008 T __seofread
00115ef8 00000068 T __swrite
00115f60 00000048 T __sseek
00115fa8 00000008 T __sclose
00115fb0 0000012c T strchr
001160dc 0000005c T strlen
00116138 000000ec T strncat
00116224 000000dc T strncmp
00116300 000000c0 T strncpy
001163c0 00000048 T strnlen
00116408 00000628 t get_arg
00116a30 000035b8 T _svfprintf_r
00119fe8 00000050 t get_arg
0011a038 00002bbc T __ssvfscanf_r
0011cbf4 00000628 t get_arg
0011d21c 00000030 T __sprint_r
0011d24c 0000233c T _vfiprintf_r
0011f588 000000d4 t __sbprintf
0011f65c 00000628 t get_arg
0011fc88 00003684 T _vfprintf_r
0012330c 000000d4 t __sbprintf
001233e0 00000054 T _wcrtomb_r
00123434 00000028 T _wcsrtombs_r
0012345c 00000154 T __swsetup_r
001235b0 00000114 T __call_exitprocs
001236c4 000001ac t quorem
00123870 000012cc T _dtoa_r
00124b3c 000004c0 T __sfvwrite_r
00124ffc 00000008 T iswspace
00125004 0000000c T _localeconv_r
00125010 00000010 T __locale_mb_cur_max
00125020 00000068 T _mbrtowc_r
00125088 000002e4 T __utf8_mbtowc
0012536c 00000154 T memmove
001254c0 00000088 T _Balloc
00125548 0000001c T _Bfree
00125564 000000f4 T __multadd
00125658 00000110 T __s2b
00125768 00000058 T __hi0bits
001257c0 00000094 T __lo0bits
00125854 000000a4 T __i2b
001258f8 00000204 T __multiply
00125afc 00000120 T __pow5mult
00125c1c 0000013c T __lshift
00125d58 00000058 T __mcmp
00125db0 000001cc T __mdiff
00125f7c 00000074 T __ulp
00125ff0 000000d0 T __b2d
001260c0 00000124 T __d2b
001261e4 00000078 T __ratio
0012625c 00000088 T __copybits
001262e4 0000005c T __any_on
00126340 000000e4 T __sccl
00126424 0000000c T nanf
00126430 000000a8 T frexp
001264d8 000000b8 T stpncpy
00126590 00001368 T _strtod_l
001278f8 0000000c T _strtod_r
00127904 0000022c t _strtoll_l.constprop.0
00127b30 00000004 T _strtoll_r
00127b34 000001a4 t _strtol_l.part.0
00127cd8 0000003c T _strtol_r
00127d14 00000244 t _strtoull_l.constprop.0
00127f58 00000004 T _strtoull_r
00127f5c 000001c4 t _strtoul_l.constprop.0
00128120 00000004 T _strtoul_r
00128124 00000190 T __ssprint_r
001282b4 000000e0 T _sungetc_r
00128394 0000006c T __ssrefill_r
00128400 000000c8 T _sfread_r
001284c8 000000a8 T __submore
00128570 00000190 T _wcsnrtombs_l
00128700 0000004c T _wcsnrtombs_r
0012874c 000000f0 T __utf8_wctomb
0012883c 00000054 T __assert_func
00128890 0000003c T fiprintf
001288cc 000000ec t rshift
001289b8 00000904 T __gethex
001292bc 0000004c T __match
00129308 0000029c T __hexnan
001295a4 0000003c T iswspace_l
001295e0 000001d4 t __jp2uc
001297b4 0000009c T _jp2uc_l
00129850 00000010 T nan
00129860 00000014 T abort
00129874 00000084 T category
001298f8 00000098 T _raise_r
00129990 00000020 T raise
001299b0 00000008 t null_write
001299b8 00000018 T setDefaultDevice
001299d0 000000c8 T FindDevice
00129a98 00000028 T RemoveDevice
00129ac0 0000009c T AddDevice
00129b5c 00000020 T GetDeviceOpTab
00129b7c 00000078 T _fstat_r
00129bf4 00000014 T _getpid_r
00129c08 00000008 T _isatty_r
00129c10 00000014 T _kill_r
00129c24 00000084 T _lseek_r
00129ca8 00000080 T _read_r
00129d28 00000078 T _sbrk_r
00129da0 00000048 T sleep
00129de8 00000080 T _write_r
00129e68 00000024 T _exit
00129e8c 000001b8 T _concatenate_path
0012a044 00000160 T chdir
0012a1a4 00000008 T __flockfile
0012a1ac 00000008 T __funlockfile
0012a1b4 00000018 T __libc_lock_acquire
0012a1cc 00000018 T __libc_lock_release
0012a1e4 00000018 T __libc_lock_init_recursive
0012a1fc 00000018 T __libc_lock_acquire_recursive
0012a214 00000018 T __libc_lock_release_recursive
0012a22c 00000018 T __libc_lock_close_recursive
0012a244 0000003c T __get_handle
0012a280 000000f4 T _close_r
0012a374 00000028 T __getreent
0012a39c 00000040 T nanosleep
0012a3dc 00000038 T __aeabi_d2lz
0012a3dc 00000038 T __fixdfdi
0012a418 00000040 T __aeabi_d2ulz
0012a418 00000040 T __fixunsdfdi
0012a458 00000044 T strrchr
0012a49c T _fini
0012b5a8 R render2d_shbin
0012b734 R render2d_shbin_end
0012b734 R render2d_shbin_size
0012b738 00000005 r colorFmtSizes
0012b740 00000004 r depthFmtSizes
0012b744 00000010 r CSWTCH.9
0012b7b8 00000030 r colorTable
0012b7e8 00000070 r dotab_stdout
0012b89c 00000008 r morton_x.3
0012b8a4 00000008 r morton_y.2
0012b8ac 00000008 r s_sleepWakeEvents.4
0012b8e0 R default_font_bin
0012c0e0 R default_font_bin_end
0012c104 00000070 r archive_devoptab
0012c174 00000030 r error_table
0012c1a4 00000004 R _global_impure_ptr
0012c1e4 00000010 r blanks.1
0012c1f4 00000010 r zeroes.0
0012c20c 00000022 r basefix.0
0012c230 00000010 r blanks.1
0012c240 00000010 r zeroes.0
0012c250 00000010 r blanks.1
0012c260 00000010 r zeroes.0
0012c270 00000101 R _ctype_
0012c384 r .LC2
0012c460 00000028 R __mprec_bigtens
0012c488 000000c8 R __mprec_tens
0012c550 0000000c r p05.0
0012c56c 00000014 r fpi.1
0012c580 00000014 r fpinan.0
0012c598 00000028 r tinytens
0012c5c0 0000006c R __action_table
0012c62c 00000100 R __chclass
0012c72c 0000006c R __state_table
0012c820 00000100 R __hexdig
0012c934 000000bc r a1
0012c9f0 000000bc r a2
0012caac 0000005b r a3
0012cb08 00000070 r a6
0012cb78 000000a2 r a7
0012cc1c 00000040 r a8
0012cc5c 0000172a r b02cf
0012e388 00001a7c r d02f4
0012fe04 0000000c R _C_numeric_locale
0012fe10 000031e6 r categories
00132ff8 00000070 R dotab_stdnull
00133068 r 
00133068 R __exidx_end
00133068 R __exidx_start
00134000 00000004 D uc1
00134004 00000004 D uc2
00134008 00000004 D uc3
0013400c 00000004 d framerate
00134010 00000008 d framerateCounter
00134018 00000004 D currentConsole
0013401c 0000004c D defaultConsole
00134068 00000001 d firstConsoleInit.0
0013406c 00000004 d queueLock
00134070 00000004 d kCount
00134074 00000004 d kDelay
00134078 00000004 d kInterval
0013407c W __stacksize__
00134080 0000000c d __sfp_recursive_mutex
0013408c 0000000c d __sinit_recursive_mutex
00134098 00000004 D _impure_ptr
001340a0 00000460 d impure_data
00134500 00000408 D __malloc_av_
00134908 00000004 D __malloc_sbrk_base
0013490c 00000004 D __malloc_trim_threshold
00134910 0000000c d __malloc_recursive_mutex
0013491c 0000000c D __atexit_recursive_mutex
00134928 0000016c D __global_locale
00134a94 00000002 d numempty
00134a98 00000004 d defaultDevice
00134a9c 0000008c D devoptab_list
00134b28 00000400 d _current_working_directory
00134f28 00000004 d __hndl_lock
00134f2c 0000000c d __stderr_handle
00134f38 0000000c d __stdin_handle
00134f44 0000000c d __stdout_handle
00134f50 00001000 d handles
00135f58 d _GLOBAL_OFFSET_TABLE_
00135f64 d __frame_dummy_init_array_entry
00135f64 D __init_array_start
00135f64 B __preinit_array_end
00135f64 B __preinit_array_start
00135f64 D __tdata_lma
00135f64 D __tdata_lma_end
00135f68 d __do_global_dtors_aux_fini_array_entry
00135f68 D __fini_array_start
00135f68 D __init_array_end
00135f6c D __bss_start__
00135f6c D __fini_array_end
00135f6c 00000004 B loaded
00135f70 00000004 B mainTextBuf
00135f74 00000004 B timeBuf
00135f78 00000004 B buttonsBuf
00135f7c 0000008c B modesText
00136008 00000118 B uiText
00136120 0000001c B enabled3D
0013613c 0000001c B incorrectSystem
00136158 0000001c B ver
00136174 00000188 B buttons
001362fc 00000009 b timeString
00136308 0000001c B sysTime
00136324 00000004 B pyy
00136328 00000004 B pxx
0013632c b completed.1
00136330 b object.0
00136348 000005a0 B __C2Di_Context
001368e8 00000040 b s_projBot
00136928 00000040 b s_projTop
00136968 00000004 b uLoc_mdlvMtx
0013696c 00000004 b uLoc_projMtx
00136970 00000004 b s_glyphSheets
00136974 00000004 b s_textScale
00136978 000002d0 B __C3D_Context
00136c48 0000000c b hookCookie
00136c58 00000010 b cpuTime
00136c68 00000004 b firstTarget
00136c6c 00000008 b frameCounter
00136c74 00000004 b frameEndCb
00136c78 00000004 b frameEndCbData
00136c80 00000010 b gpuTime
00136c90 00000001 b inFrame
00136c91 00000001 b inSafeTransfer
00136c92 00000001 b isTopStereo
00136c94 00000004 b lastTarget
00136c98 0000000c b linkedTarget
00136ca4 00000001 b measureGpuTime
00136ca5 00000001 b needSwapBot
00136ca6 00000001 b needSwapTop
00136ca8 00000004 B C3D_BoolUnifs
00136cac 00000002 B C3D_BoolUnifsDirty
00136cb0 00000c00 B C3D_FVUnif
001378b0 000000c0 B C3D_FVUnifDirty
00137970 00000020 B C3D_IVUnif
00137990 00000008 B C3D_IVUnifDirty
00137998 000000c0 b C3Di_FVUnifEverDirty
00137a58 00000008 b C3Di_IVUnifEverDirty
00137a60 00000018 b C3Di_ShaderFVecData
00137a78 0000000c b sAddrMap
00137a84 00000008 b sVramPool
00137a8c 00000008 b sLinearPool
00137a94 0000000c b sAddrMap
00137aa0 00000001 V __ctru_speedup
00137aa4 0000004c B currentCopy
00137af0 00000004 B g_sharedFont
00137af4 00000004 b sharedFontAddr
00137af8 00000004 b srvHandle
00137afc 00000004 b srvRefCount
00137b00 00000004 b gfxBottomFramebufferMaxSize
00137b04 00000008 b gfxBottomFramebuffers
00137b0c 00000002 b gfxCurBuf
00137b10 00000002 b gfxFramebufferFormats
00137b14 00000002 b gfxIsDoubleBuf
00137b16 00000001 b gfxIsVram
00137b18 00000004 b gfxTopFramebufferMaxSize
00137b1c 00000008 b gfxTopFramebuffers
00137b24 00000001 b gfxTopMode
00137b28 00000004 b screenAlloc
00137b2c 00000004 b screenFree
00137b30 00000004 b boundQueue
00137b34 00000004 b curQueue
00137b38 00000001 b isActive
00137b39 00000001 b isRunning
00137b3a 00000001 b shouldStop
00137b3c 00000004 B gpuCmdBuf
00137b40 00000004 B gpuCmdBufOffset
00137b44 00000004 B gpuCmdBufSize
00137b48 00000004 b cfguHandle
00137b4c 00000004 b cfguRefCount
00137b50 00000004 b gspEvent
00137b54 0000001c b gspEventCb
00137b70 0000001c b gspEventCbData
00137b8c 00000007 b gspEventCbOneShot
00137b94 00000004 b gspEventThread
00137b98 00000038 b gspEvents
00137bd0 00000004 b gspGpuHandle
00137bd4 00000001 b gspGpuRight
00137bd8 00000004 b gspLastEvent
00137bdc 00000004 b gspRefCount
00137be0 00000001 b gspRunEvents
00137be4 00000004 b gspSharedMem
00137be8 00000004 b gspSharedMemHandle
00137bec 00000001 b gspThreadId
00137bed 00000001 b aptChainloadFlags
00137bee 00000001 b aptChainloadMediatype
00137bf0 00000008 b aptChainloadTid
00137bf8 00000004 b aptEventHandlerThread
00137bfc 00000001 b aptEventHandlerThreadQuit
00137c00 00000008 b aptEvents
00137c08 0000000c b aptFirstHook
00137c14 00000004 b aptFlags
00137c18 00000001 b aptHomeButtonState
00137c1c 00000004 b aptLockHandle
00137c20 00000004 b aptMessageFunc
00137c24 00000004 b aptMessageFuncData
00137c28 00001000 b aptParameters
00138c28 00000008 b aptReceiveEvent
00138c30 00000004 b aptRefCount
00138c34 00000008 b aptSleepEvent
00138c3c 00000001 b flagInit.1
00138c3d 00000001 b flagValue.0
00138c40 00000004 b serviceName.6
00138c44 00000006 b aVec
00138c4c 00000004 b cPos
00138c50 00000006 b gRate
00138c58 00000014 B hidEvents
00138c6c 00000004 B hidHandle
00138c70 00000004 B hidMemHandle
00138c74 00000004 b hidRefCount
00138c78 00000004 B hidSharedMem
00138c7c 00000004 b kDown
00138c80 00000004 b kHeld
00138c84 00000004 b kOld
00138c88 00000004 b kRepeat
00138c8c 00000004 b kUp
00138c90 00000004 b tPos
00138c94 00000001 b usingIrrst
00138c98 00000004 b srvPmHandle
00138c9c 00000004 b ptmSysmHandle
00138ca0 00000004 b ptmSysmRefCount
00138ca8 00000080 b fsExemptArchives
00138d28 00000004 b fsuHandle
00138d2c 00000004 b fsuRefCount
00138d30 00000004 B __ctru_heap
00138d34 00000004 V __ctru_heap_size
00138d38 00000004 B __ctru_linear_heap
00138d3c 00000004 V __ctru_linear_heap_size
00138d40 00000004 B __system_retAddr
00138d44 00000004 B __system_argc
00138d48 00000004 B __system_argv
00138d4c b saved_stack
00138d54 00000004 b arbiter
00138d58 00000004 b currentAddr
00138d5c 00000004 b maxAddr
00138d60 00000004 b minAddr
00138d64 00000004 b csPos
00138d68 00000004 B irrstEvent
00138d6c 00000004 B irrstHandle
00138d70 00000004 B irrstMemHandle
00138d74 00000004 b irrstRefCount
00138d78 00000004 B irrstSharedMem
00138d7c 00000004 b kHeld
00138d80 00000004 b archive_device_cwd
00138d88 00000540 b archive_devices
001392c8 00000001 b archive_initialized
001392cc 00000028 B __malloc_current_mallinfo
001392f4 00000004 B __malloc_max_sbrked_mem
001392f8 00000004 B __malloc_max_total_mem
001392fc 00000004 B __malloc_top_pad
00139300 00000004 b heap_start.0
00139304 00000004 B fake_heap_end
00139308 00000004 B fake_heap_start
0013930c 00000400 b temp_cwd
0013970c 00000048 B __syscalls
00139754 B __tls_start
0013a35c B __bss_end__
0013a35c A __end__
0013a35c B __tls_end
